<?xml version="1.0" encoding="UTF-8"?>
<testsuites name="jest tests" tests="2" failures="0" time="0.166">
  <testsuite name="Funkcja pow" errors="0" failures="0" skipped="0" timestamp="2023-01-25T12:24:07" time="0.158" tests="2">
    <testcase classname="Funkcja pow powinna zwracać liczbę" name="Funkcja pow powinna zwracać liczbę" time="0.001">
    </testcase>
    <testcase classname="Funkcja pow powinna zwracać prawidłowy wynik" name="Funkcja pow powinna zwracać prawidłowy wynik" time="0.001">
    </testcase>
  </testsuite>
</testsuites>